<?xml version="1.0" encoding="UTF-8"?>
<!-- Generated by org.testng.reporters.JUnitReportReporter -->
<testsuite skipped="0" hostname="himanshutiwari-mac.local" name="com.mercedeseonlineshop.qa.pages.PaymentTypeTest" tests="2" failures="0" timestamp="01 Jul 2019 05:23:48 GMT" time="116.369" errors="0">
  <testcase name="selectCardTypeTest" time="60.533" classname="com.mercedeseonlineshop.qa.pages.PaymentTypeTest"/>
  <testcase name="selectPaymentTypeTest" time="55.836" classname="com.mercedeseonlineshop.qa.pages.PaymentTypeTest"/>
</testsuite> <!-- com.mercedeseonlineshop.qa.pages.PaymentTypeTest -->
