<?xml version="1.0" encoding="UTF-8"?>
<!-- Generated by org.testng.reporters.JUnitReportReporter -->
<testsuite skipped="0" hostname="himanshutiwari-mac.local" name="com.mercedeseonlineshop.qa.pages.ProductDescriptionPageTest" tests="1" failures="0" timestamp="01 Jul 2019 03:30:08 GMT" time="22.476" errors="0">
  <testcase name="itemNameTest" time="22.476" classname="com.mercedeseonlineshop.qa.pages.ProductDescriptionPageTest"/>
</testsuite> <!-- com.mercedeseonlineshop.qa.pages.ProductDescriptionPageTest -->
